#
# There is insufficient memory for the Java Runtime Environment to continue.
# Native memory allocation (malloc) failed to allocate 1619696 bytes for Chunk::new
# Possible reasons:
#   The system is out of physical RAM or swap space
#   The process is running with CompressedOops enabled, and the Java Heap may be blocking the growth of the native heap
# Possible solutions:
#   Reduce memory load on the system
#   Increase physical memory or swap space
#   Check if swap backing store is full
#   Decrease Java heap size (-Xmx/-Xms)
#   Decrease number of Java threads
#   Decrease Java thread stack sizes (-Xss)
#   Set larger code cache with -XX:ReservedCodeCacheSize=
#   JVM is running with Unscaled Compressed Oops mode in which the Java heap is
#     placed in the first 4GB address space. The Java Heap base address is the
#     maximum limit for the native heap growth. Please use -XX:HeapBaseMinAddress
#     to set the Java Heap base and to place the Java Heap above 4GB virtual address.
# This output file may be truncated or incomplete.
#
#  Out of Memory Error (./src/hotspot/share/memory/arena.cpp:195), pid=10532, tid=3292
#
# JRE version: OpenJDK Runtime Environment AdoptOpenJDK (14.0.2+12) (build 14.0.2+12)
# Java VM: OpenJDK 64-Bit Server VM AdoptOpenJDK (14.0.2+12, mixed mode, sharing, tiered, compressed oops, g1 gc, windows-amd64)
# No core dump will be written. Minidumps are not enabled by default on client versions of Windows
#

---------------  S U M M A R Y ------------

Command Line: -Dfile.encoding=UTF-8 -Duser.country=RU -Duser.language=ru -Duser.variant com.goit.feature.GoitJavaHwDev15Application

Host: Intel(R) Core(TM) i5-7200U CPU @ 2.50GHz, 4 cores, 7G,  Windows 10 , 64 bit Build 19041 (10.0.19041.2251)
Time: Thu Feb  2 20:41:00 2023 ????????????? ????? (????) elapsed time: 12 seconds (0d 0h 0m 12s)

---------------  T H R E A D  ---------------

Current thread (0x0000018b31927800):  JavaThread "C2 CompilerThread1" daemon [_thread_in_native, id=3292, stack(0x0000004effb00000,0x0000004effc00000)]


Current CompileTask:
C2:  12177 3993   !   4       jdk.internal.loader.BuiltinClassLoader::findClassOnClassPathOrNull (64 bytes)

Stack: [0x0000004effb00000,0x0000004effc00000]
Native frames: (J=compiled Java code, j=interpreted, Vv=VM code, C=native code)
V  [jvm.dll+0x5fd67a]
V  [jvm.dll+0x79785a]
V  [jvm.dll+0x79900f]
V  [jvm.dll+0x799653]
V  [jvm.dll+0x20f108]
V  [jvm.dll+0xace47]
V  [jvm.dll+0xad53c]
V  [jvm.dll+0x31efa8]
V  [jvm.dll+0x2e9548]
V  [jvm.dll+0x2e894a]
V  [jvm.dll+0x1e7bd6]
V  [jvm.dll+0x1e6e78]
V  [jvm.dll+0x179d0c]
V  [jvm.dll+0x1f5f55]
V  [jvm.dll+0x1f413b]
V  [jvm.dll+0x75c3ad]
V  [jvm.dll+0x7551ba]
V  [jvm.dll+0x5fc4d6]
C  [ucrtbase.dll+0x21bb2]
C  [KERNEL32.DLL+0x174b4]
C  [ntdll.dll+0x526a1]


---------------  P R O C E S S  ---------------

Threads class SMR info:
_java_thread_list=0x0000018b307a6320, length=17, elements={
0x0000018b0d770800, 0x0000018b2e122000, 0x0000018b2e123800, 0x0000018b2e13f000,
0x0000018b2e141000, 0x0000018b2e144000, 0x0000018b2e145800, 0x0000018b2e147000,
0x0000018b2e14c800, 0x0000018b2ebb7800, 0x0000018b2ebb8800, 0x0000018b2ebb9000,
0x0000018b2ebbb000, 0x0000018b2ebb6800, 0x0000018b2ebba000, 0x0000018b2ebbb800,
0x0000018b31927800
}

Java Threads: ( => current thread )
  0x0000018b0d770800 JavaThread "main" [_thread_in_native, id=8028, stack(0x0000004efe100000,0x0000004efe200000)]
  0x0000018b2e122000 JavaThread "Reference Handler" daemon [_thread_blocked, id=15328, stack(0x0000004efe800000,0x0000004efe900000)]
  0x0000018b2e123800 JavaThread "Finalizer" daemon [_thread_blocked, id=14940, stack(0x0000004efe900000,0x0000004efea00000)]
  0x0000018b2e13f000 JavaThread "Signal Dispatcher" daemon [_thread_blocked, id=18668, stack(0x0000004efea00000,0x0000004efeb00000)]
  0x0000018b2e141000 JavaThread "Attach Listener" daemon [_thread_blocked, id=11484, stack(0x0000004efeb00000,0x0000004efec00000)]
  0x0000018b2e144000 JavaThread "Service Thread" daemon [_thread_blocked, id=20300, stack(0x0000004efec00000,0x0000004efed00000)]
  0x0000018b2e145800 JavaThread "C2 CompilerThread0" daemon [_thread_in_native, id=15056, stack(0x0000004efed00000,0x0000004efee00000)]
  0x0000018b2e147000 JavaThread "C1 CompilerThread0" daemon [_thread_blocked, id=16024, stack(0x0000004efee00000,0x0000004efef00000)]
  0x0000018b2e14c800 JavaThread "Sweeper thread" daemon [_thread_blocked, id=12176, stack(0x0000004efef00000,0x0000004eff000000)]
  0x0000018b2ebb7800 JavaThread "Notification Thread" daemon [_thread_blocked, id=12760, stack(0x0000004eff000000,0x0000004eff100000)]
  0x0000018b2ebb8800 JavaThread "Common-Cleaner" daemon [_thread_blocked, id=15820, stack(0x0000004eff200000,0x0000004eff300000)]
  0x0000018b2ebb9000 JavaThread "Catalina-utility-1" [_thread_blocked, id=11376, stack(0x0000004eff700000,0x0000004eff800000)]
  0x0000018b2ebbb000 JavaThread "Catalina-utility-2" [_thread_blocked, id=17016, stack(0x0000004eff800000,0x0000004eff900000)]
  0x0000018b2ebb6800 JavaThread "container-0" [_thread_blocked, id=8232, stack(0x0000004eff900000,0x0000004effa00000)]
  0x0000018b2ebba000 JavaThread "HikariPool-1 housekeeper" daemon [_thread_blocked, id=17460, stack(0x0000004eff300000,0x0000004eff400000)]
  0x0000018b2ebbb800 JavaThread "HikariPool-1 connection adder" daemon [_thread_blocked, id=7196, stack(0x0000004effa00000,0x0000004effb00000)]
=>0x0000018b31927800 JavaThread "C2 CompilerThread1" daemon [_thread_in_native, id=3292, stack(0x0000004effb00000,0x0000004effc00000)]

Other Threads:
  0x0000018b2e11e800 VMThread "VM Thread" [stack: 0x0000004efe700000,0x0000004efe800000] [id=19784]
  0x0000018b2ebc9800 WatcherThread [stack: 0x0000004eff100000,0x0000004eff200000] [id=15304]
  0x0000018b0d7b5800 GCTaskThread "GC Thread#0" [stack: 0x0000004efe200000,0x0000004efe300000] [id=13376]
  0x0000018b2f005800 GCTaskThread "GC Thread#1" [stack: 0x0000004eff400000,0x0000004eff500000] [id=13700]
  0x0000018b2f23d800 GCTaskThread "GC Thread#2" [stack: 0x0000004eff500000,0x0000004eff600000] [id=8756]
  0x0000018b2f668800 GCTaskThread "GC Thread#3" [stack: 0x0000004eff600000,0x0000004eff700000] [id=11356]
  0x0000018b0d7c6800 ConcurrentGCThread "G1 Main Marker" [stack: 0x0000004efe300000,0x0000004efe400000] [id=7932]
  0x0000018b0d7c7800 ConcurrentGCThread "G1 Conc#0" [stack: 0x0000004efe400000,0x0000004efe500000] [id=9224]
  0x0000018b2df96800 ConcurrentGCThread "G1 Refine#0" [stack: 0x0000004efe500000,0x0000004efe600000] [id=17628]
  0x0000018b0d83c800 ConcurrentGCThread "G1 Young RemSet Sampling" [stack: 0x0000004efe600000,0x0000004efe700000] [id=4500]

Threads with active compile tasks:
C2 CompilerThread0    12227 4001       4       jdk.internal.org.objectweb.asm.Frame::execute (2305 bytes)
C2 CompilerThread1    12227 3993   !   4       jdk.internal.loader.BuiltinClassLoader::findClassOnClassPathOrNull (64 bytes)

VM state:not at safepoint (normal execution)

VM Mutex/Monitor currently owned by a thread: None

Heap address: 0x0000000081c00000, size: 2020 MB, Compressed Oops mode: 32-bit
Narrow klass base: 0x0000000800000000, Narrow klass shift: 3
Compressed class space size: 1073741824 Address: 0x0000000800b30000

Heap:
 garbage-first heap   total 54272K, used 24164K [0x0000000081c00000, 0x0000000100000000)
  region size 1024K, 10 young (10240K), 3 survivors (3072K)
 Metaspace       used 39080K, capacity 40212K, committed 40320K, reserved 1083392K
  class space    used 4943K, capacity 5399K, committed 5504K, reserved 1048576K
Heap Regions: E=young(eden), S=young(survivor), O=old, HS=humongous(starts), HC=humongous(continues), CS=collection set, F=free, OA=open archive, CA=closed archive, TAMS=top-at-mark-start (previous, next)
|   0|0x0000000081c00000, 0x0000000081d00000, 0x0000000081d00000|100%|HS|  |TAMS 0x0000000081d00000, 0x0000000081c00000| Complete 
|   1|0x0000000081d00000, 0x0000000081e00000, 0x0000000081e00000|100%| O|  |TAMS 0x0000000081e00000, 0x0000000081d00000| Untracked 
|   2|0x0000000081e00000, 0x0000000081f00000, 0x0000000081f00000|100%| O|  |TAMS 0x0000000081f00000, 0x0000000081e00000| Untracked 
|   3|0x0000000081f00000, 0x0000000082000000, 0x0000000082000000|100%| O|  |TAMS 0x0000000082000000, 0x0000000081f00000| Untracked 
|   4|0x0000000082000000, 0x0000000082100000, 0x0000000082100000|100%| O|  |TAMS 0x0000000082100000, 0x0000000082000000| Untracked 
|   5|0x0000000082100000, 0x00000000821ce800, 0x0000000082200000| 80%| O|  |TAMS 0x00000000821ce800, 0x0000000082100000| Untracked 
|   6|0x0000000082200000, 0x0000000082300000, 0x0000000082300000|100%| O|  |TAMS 0x0000000082300000, 0x0000000082200000| Untracked 
|   7|0x0000000082300000, 0x0000000082400000, 0x0000000082400000|100%| O|  |TAMS 0x0000000082400000, 0x0000000082300000| Untracked 
|   8|0x0000000082400000, 0x0000000082500000, 0x0000000082500000|100%| O|  |TAMS 0x0000000082500000, 0x0000000082400000| Untracked 
|   9|0x0000000082500000, 0x0000000082600000, 0x0000000082600000|100%| O|  |TAMS 0x0000000082600000, 0x0000000082500000| Untracked 
|  10|0x0000000082600000, 0x0000000082700000, 0x0000000082700000|100%| O|  |TAMS 0x0000000082700000, 0x0000000082600000| Untracked 
|  11|0x0000000082700000, 0x0000000082800000, 0x0000000082800000|100%| O|  |TAMS 0x0000000082800000, 0x0000000082700000| Untracked 
|  12|0x0000000082800000, 0x0000000082900000, 0x0000000082900000|100%| O|  |TAMS 0x0000000082900000, 0x0000000082800000| Untracked 
|  13|0x0000000082900000, 0x0000000082a00000, 0x0000000082a00000|100%| O|  |TAMS 0x0000000082a00000, 0x0000000082900000| Untracked 
|  14|0x0000000082a00000, 0x0000000082aebc00, 0x0000000082b00000| 92%| O|  |TAMS 0x0000000082a14600, 0x0000000082a00000| Untracked 
|  15|0x0000000082b00000, 0x0000000082b00000, 0x0000000082c00000|  0%| F|  |TAMS 0x0000000082b00000, 0x0000000082b00000| Untracked 
|  16|0x0000000082c00000, 0x0000000082c00000, 0x0000000082d00000|  0%| F|  |TAMS 0x0000000082c00000, 0x0000000082c00000| Untracked 
|  17|0x0000000082d00000, 0x0000000082d00000, 0x0000000082e00000|  0%| F|  |TAMS 0x0000000082d00000, 0x0000000082d00000| Untracked 
|  18|0x0000000082e00000, 0x0000000082e00000, 0x0000000082f00000|  0%| F|  |TAMS 0x0000000082e00000, 0x0000000082e00000| Untracked 
|  19|0x0000000082f00000, 0x0000000082f00000, 0x0000000083000000|  0%| F|  |TAMS 0x0000000082f00000, 0x0000000082f00000| Untracked 
|  20|0x0000000083000000, 0x0000000083000000, 0x0000000083100000|  0%| F|  |TAMS 0x0000000083000000, 0x0000000083000000| Untracked 
|  21|0x0000000083100000, 0x0000000083100000, 0x0000000083200000|  0%| F|  |TAMS 0x0000000083100000, 0x0000000083100000| Untracked 
|  22|0x0000000083200000, 0x0000000083200000, 0x0000000083300000|  0%| F|  |TAMS 0x0000000083200000, 0x0000000083200000| Untracked 
|  23|0x0000000083300000, 0x0000000083300000, 0x0000000083400000|  0%| F|  |TAMS 0x0000000083300000, 0x0000000083300000| Untracked 
|  24|0x0000000083400000, 0x00000000834ded30, 0x0000000083500000| 87%| S|CS|TAMS 0x0000000083400000, 0x0000000083400000| Complete 
|  25|0x0000000083500000, 0x0000000083600000, 0x0000000083600000|100%| S|CS|TAMS 0x0000000083500000, 0x0000000083500000| Complete 
|  26|0x0000000083600000, 0x0000000083700000, 0x0000000083700000|100%| S|CS|TAMS 0x0000000083600000, 0x0000000083600000| Complete 
|  27|0x0000000083700000, 0x0000000083700000, 0x0000000083800000|  0%| F|  |TAMS 0x0000000083700000, 0x0000000083700000| Untracked 
|  28|0x0000000083800000, 0x0000000083800000, 0x0000000083900000|  0%| F|  |TAMS 0x0000000083800000, 0x0000000083800000| Untracked 
|  29|0x0000000083900000, 0x0000000083900000, 0x0000000083a00000|  0%| F|  |TAMS 0x0000000083900000, 0x0000000083900000| Untracked 
|  30|0x0000000083a00000, 0x0000000083a00000, 0x0000000083b00000|  0%| F|  |TAMS 0x0000000083a00000, 0x0000000083a00000| Untracked 
|  31|0x0000000083b00000, 0x0000000083b00000, 0x0000000083c00000|  0%| F|  |TAMS 0x0000000083b00000, 0x0000000083b00000| Untracked 
|  32|0x0000000083c00000, 0x0000000083c00000, 0x0000000083d00000|  0%| F|  |TAMS 0x0000000083c00000, 0x0000000083c00000| Untracked 
|  33|0x0000000083d00000, 0x0000000083d00000, 0x0000000083e00000|  0%| F|  |TAMS 0x0000000083d00000, 0x0000000083d00000| Untracked 
|  34|0x0000000083e00000, 0x0000000083e00000, 0x0000000083f00000|  0%| F|  |TAMS 0x0000000083e00000, 0x0000000083e00000| Untracked 
|  35|0x0000000083f00000, 0x0000000083f00000, 0x0000000084000000|  0%| F|  |TAMS 0x0000000083f00000, 0x0000000083f00000| Untracked 
|  36|0x0000000084000000, 0x0000000084000000, 0x0000000084100000|  0%| F|  |TAMS 0x0000000084000000, 0x0000000084000000| Untracked 
|  37|0x0000000084100000, 0x0000000084100000, 0x0000000084200000|  0%| F|  |TAMS 0x0000000084100000, 0x0000000084100000| Untracked 
|  38|0x0000000084200000, 0x0000000084200000, 0x0000000084300000|  0%| F|  |TAMS 0x0000000084200000, 0x0000000084200000| Untracked 
|  39|0x0000000084300000, 0x0000000084300000, 0x0000000084400000|  0%| F|  |TAMS 0x0000000084300000, 0x0000000084300000| Untracked 
|  40|0x0000000084400000, 0x0000000084400000, 0x0000000084500000|  0%| F|  |TAMS 0x0000000084400000, 0x0000000084400000| Untracked 
|  41|0x0000000084500000, 0x0000000084500000, 0x0000000084600000|  0%| F|  |TAMS 0x0000000084500000, 0x0000000084500000| Untracked 
|  42|0x0000000084600000, 0x0000000084600000, 0x0000000084700000|  0%| F|  |TAMS 0x0000000084600000, 0x0000000084600000| Untracked 
|  43|0x0000000084700000, 0x0000000084700000, 0x0000000084800000|  0%| F|  |TAMS 0x0000000084700000, 0x0000000084700000| Untracked 
|  44|0x0000000084800000, 0x0000000084800000, 0x0000000084900000|  0%| F|  |TAMS 0x0000000084800000, 0x0000000084800000| Untracked 
|  45|0x0000000084900000, 0x0000000084900000, 0x0000000084a00000|  0%| F|  |TAMS 0x0000000084900000, 0x0000000084900000| Untracked 
|  53|0x0000000085100000, 0x0000000085179ba0, 0x0000000085200000| 47%| E|  |TAMS 0x0000000085100000, 0x0000000085100000| Complete 
|  54|0x0000000085200000, 0x0000000085300000, 0x0000000085300000|100%| E|CS|TAMS 0x0000000085200000, 0x0000000085200000| Complete 
|  55|0x0000000085300000, 0x0000000085400000, 0x0000000085400000|100%| E|CS|TAMS 0x0000000085300000, 0x0000000085300000| Complete 
|  56|0x0000000085400000, 0x0000000085500000, 0x0000000085500000|100%| E|CS|TAMS 0x0000000085400000, 0x0000000085400000| Complete 
|  57|0x0000000085500000, 0x0000000085600000, 0x0000000085600000|100%| E|CS|TAMS 0x0000000085500000, 0x0000000085500000| Complete 
|  58|0x0000000085600000, 0x0000000085700000, 0x0000000085700000|100%| E|CS|TAMS 0x0000000085600000, 0x0000000085600000| Complete 
| 127|0x0000000089b00000, 0x0000000089c00000, 0x0000000089c00000|100%| E|CS|TAMS 0x0000000089b00000, 0x0000000089b00000| Complete 

Card table byte_map: [0x0000018b273c0000,0x0000018b277c0000] _byte_map_base: 0x0000018b26fb2000

Marking Bits (Prev, Next): (CMBitMap*) 0x0000018b0d7b5f18, (CMBitMap*) 0x0000018b0d7b5f58
 Prev Bits: [0x0000018b27bc0000, 0x0000018b29b50000)
 Next Bits: [0x0000018b29b50000, 0x0000018b2bae0000)

Polling page: 0x0000018b0d620000

Metaspace:

Usage:
  Non-class:     34.00 MB capacity,    33.34 MB ( 98%) used,   533.38 KB (  2%) free+waste,   137.31 KB ( <1%) overhead. 
      Class:      5.27 MB capacity,     4.83 MB ( 92%) used,   386.61 KB (  7%) free+waste,    66.63 KB (  1%) overhead. 
       Both:     39.27 MB capacity,    38.17 MB ( 97%) used,   919.98 KB (  2%) free+waste,   203.94 KB ( <1%) overhead. 

Virtual space:
  Non-class space:       34.00 MB reserved,      34.00 MB (100%) committed 
      Class space:        1.00 GB reserved,       5.38 MB ( <1%) committed 
             Both:        1.03 GB reserved,      39.38 MB (  4%) committed 

Chunk freelists:
   Non-Class:  3.00 KB
       Class:  9.00 KB
        Both:  12.00 KB

MaxMetaspaceSize: 17179869184.00 GB
CompressedClassSpaceSize: 1.00 GB

CodeHeap 'non-profiled nmethods': size=120000Kb used=2128Kb max_used=2486Kb free=117871Kb
 bounds [0x0000018b1f470000, 0x0000018b1f6f0000, 0x0000018b269a0000]
CodeHeap 'profiled nmethods': size=120000Kb used=7120Kb max_used=8655Kb free=112879Kb
 bounds [0x0000018b17f40000, 0x0000018b187c0000, 0x0000018b1f470000]
CodeHeap 'non-nmethods': size=5760Kb used=1274Kb max_used=1325Kb free=4485Kb
 bounds [0x0000018b179a0000, 0x0000018b17c10000, 0x0000018b17f40000]
 total_blobs=3904 nmethods=3349 adapters=467
 compilation: enabled
              stopped_count=0, restarted_count=0
 full_count=0

Compilation events (20 events):
Event: 11.845 Thread 0x0000018b31927800 nmethod 3992 0x0000018b1f5ced90 code [0x0000018b1f5cef60, 0x0000018b1f5cf2d8]
Event: 11.845 Thread 0x0000018b31927800 3993   !   4       jdk.internal.loader.BuiltinClassLoader::findClassOnClassPathOrNull (64 bytes)
Event: 11.876 Thread 0x0000018b2e147000 3995       3       java.util.concurrent.ConcurrentHashMap::addCount (280 bytes)
Event: 11.877 Thread 0x0000018b2e147000 nmethod 3995 0x0000018b1841c310 code [0x0000018b1841c540, 0x0000018b1841ced8]
Event: 11.878 Thread 0x0000018b2e145800 nmethod 3964 0x0000018b1f6ddb10 code [0x0000018b1f6dece0, 0x0000018b1f6e7f28]
Event: 11.879 Thread 0x0000018b2e145800 3994       4       java.lang.Class::getMethodsRecursive (99 bytes)
Event: 11.936 Thread 0x0000018b2e147000 3997       3       java.util.AbstractList$Itr::hasNext (20 bytes)
Event: 11.936 Thread 0x0000018b2e147000 nmethod 3997 0x0000018b18117790 code [0x0000018b18117940, 0x0000018b18117b88]
Event: 11.993 Thread 0x0000018b2e145800 nmethod 3994 0x0000018b1f58d490 code [0x0000018b1f58da20, 0x0000018b1f590580]
Event: 11.993 Thread 0x0000018b2e145800 3996       4       java.util.Arrays$ArrayList::size (6 bytes)
Event: 11.993 Thread 0x0000018b2e145800 nmethod 3996 0x0000018b1f5cea90 code [0x0000018b1f5cec20, 0x0000018b1f5cecb8]
Event: 12.004 Thread 0x0000018b2e145800 3998       4       jdk.internal.ref.PhantomCleanable::clean (16 bytes)
Event: 12.014 Thread 0x0000018b2e145800 nmethod 3998 0x0000018b1f525490 code [0x0000018b1f525660, 0x0000018b1f525dd8]
Event: 12.014 Thread 0x0000018b2e145800 3999       4       jdk.internal.ref.CleanerImpl$PhantomCleanableRef::performCleanup (10 bytes)
Event: 12.015 Thread 0x0000018b2e145800 nmethod 3999 0x0000018b1f5ce710 code [0x0000018b1f5ce880, 0x0000018b1f5ce918]
Event: 12.025 Thread 0x0000018b2e145800 4000   !   4       jdk.internal.loader.URLClassPath$JarLoader::checkResource (78 bytes)
Event: 12.053 Thread 0x0000018b2e145800 nmethod 4000 0x0000018b1f523f10 code [0x0000018b1f524180, 0x0000018b1f524db8]
Event: 12.053 Thread 0x0000018b2e145800 4001       4       jdk.internal.org.objectweb.asm.Frame::execute (2305 bytes)
Event: 12.116 Thread 0x0000018b2e147000 4003   !   3       com.sun.proxy.$Proxy0::annotationType (29 bytes)
Event: 12.116 Thread 0x0000018b2e147000 nmethod 4003 0x0000018b1813fb10 code [0x0000018b1813fce0, 0x0000018b18140118]

GC Heap History (20 events):
Event: 1.856 GC heap before
{Heap before GC invocations=2 (full 0):
 garbage-first heap   total 131072K, used 31089K [0x0000000081c00000, 0x0000000100000000)
  region size 1024K, 26 young (26624K), 1 survivors (1024K)
 Metaspace       used 8226K, capacity 9709K, committed 9728K, reserved 1058816K
  class space    used 1065K, capacity 1275K, committed 1280K, reserved 1048576K
}
Event: 1.862 GC heap after
{Heap after GC invocations=3 (full 0):
 garbage-first heap   total 131072K, used 7744K [0x0000000081c00000, 0x0000000100000000)
  region size 1024K, 2 young (2048K), 2 survivors (2048K)
 Metaspace       used 8226K, capacity 9709K, committed 9728K, reserved 1058816K
  class space    used 1065K, capacity 1275K, committed 1280K, reserved 1048576K
}
Event: 2.598 GC heap before
{Heap before GC invocations=3 (full 0):
 garbage-first heap   total 131072K, used 82496K [0x0000000081c00000, 0x0000000100000000)
  region size 1024K, 76 young (77824K), 2 survivors (2048K)
 Metaspace       used 15539K, capacity 16282K, committed 16512K, reserved 1062912K
  class space    used 1950K, capacity 2174K, committed 2176K, reserved 1048576K
}
Event: 2.603 GC heap after
{Heap after GC invocations=4 (full 0):
 garbage-first heap   total 131072K, used 9236K [0x0000000081c00000, 0x0000000100000000)
  region size 1024K, 4 young (4096K), 4 survivors (4096K)
 Metaspace       used 15539K, capacity 16282K, committed 16512K, reserved 1062912K
  class space    used 1950K, capacity 2174K, committed 2176K, reserved 1048576K
}
Event: 4.658 GC heap before
{Heap before GC invocations=4 (full 0):
 garbage-first heap   total 131072K, used 77844K [0x0000000081c00000, 0x0000000100000000)
  region size 1024K, 73 young (74752K), 4 survivors (4096K)
 Metaspace       used 20398K, capacity 21105K, committed 21248K, reserved 1067008K
  class space    used 2548K, capacity 2788K, committed 2816K, reserved 1048576K
}
Event: 4.670 GC heap after
{Heap after GC invocations=5 (full 0):
 garbage-first heap   total 131072K, used 11617K [0x0000000081c00000, 0x0000000100000000)
  region size 1024K, 6 young (6144K), 6 survivors (6144K)
 Metaspace       used 20398K, capacity 21105K, committed 21248K, reserved 1067008K
  class space    used 2548K, capacity 2788K, committed 2816K, reserved 1048576K
}
Event: 5.399 GC heap before
{Heap before GC invocations=6 (full 0):
 garbage-first heap   total 45056K, used 32097K [0x0000000081c00000, 0x0000000100000000)
  region size 1024K, 26 young (26624K), 6 survivors (6144K)
 Metaspace       used 23003K, capacity 23788K, committed 24064K, reserved 1071104K
  class space    used 2919K, capacity 3225K, committed 3328K, reserved 1048576K
}
Event: 5.424 GC heap after
{Heap after GC invocations=7 (full 0):
 garbage-first heap   total 54272K, used 12998K [0x0000000081c00000, 0x0000000100000000)
  region size 1024K, 2 young (2048K), 2 survivors (2048K)
 Metaspace       used 23003K, capacity 23788K, committed 24064K, reserved 1071104K
  class space    used 2919K, capacity 3225K, committed 3328K, reserved 1048576K
}
Event: 7.489 GC heap before
{Heap before GC invocations=7 (full 0):
 garbage-first heap   total 54272K, used 40646K [0x0000000081c00000, 0x0000000100000000)
  region size 1024K, 29 young (29696K), 2 survivors (2048K)
 Metaspace       used 26713K, capacity 27613K, committed 27904K, reserved 1073152K
  class space    used 3367K, capacity 3717K, committed 3840K, reserved 1048576K
}
Event: 7.500 GC heap after
{Heap after GC invocations=8 (full 0):
 garbage-first heap   total 54272K, used 14558K [0x0000000081c00000, 0x0000000100000000)
  region size 1024K, 4 young (4096K), 4 survivors (4096K)
 Metaspace       used 26713K, capacity 27613K, committed 27904K, reserved 1073152K
  class space    used 3367K, capacity 3717K, committed 3840K, reserved 1048576K
}
Event: 7.508 GC heap before
{Heap before GC invocations=8 (full 0):
 garbage-first heap   total 54272K, used 39134K [0x0000000081c00000, 0x0000000100000000)
  region size 1024K, 29 young (29696K), 4 survivors (4096K)
 Metaspace       used 26713K, capacity 27613K, committed 27904K, reserved 1073152K
  class space    used 3367K, capacity 3717K, committed 3840K, reserved 1048576K
}
Event: 7.518 GC heap after
{Heap after GC invocations=9 (full 0):
 garbage-first heap   total 54272K, used 14459K [0x0000000081c00000, 0x0000000100000000)
  region size 1024K, 2 young (2048K), 2 survivors (2048K)
 Metaspace       used 26713K, capacity 27613K, committed 27904K, reserved 1073152K
  class space    used 3367K, capacity 3717K, committed 3840K, reserved 1048576K
}
Event: 8.130 GC heap before
{Heap before GC invocations=9 (full 0):
 garbage-first heap   total 54272K, used 40059K [0x0000000081c00000, 0x0000000100000000)
  region size 1024K, 28 young (28672K), 2 survivors (2048K)
 Metaspace       used 28006K, capacity 29015K, committed 29312K, reserved 1075200K
  class space    used 3539K, capacity 3907K, committed 3968K, reserved 1048576K
}
Event: 8.134 GC heap after
{Heap after GC invocations=10 (full 0):
 garbage-first heap   total 54272K, used 15116K [0x0000000081c00000, 0x0000000100000000)
  region size 1024K, 3 young (3072K), 3 survivors (3072K)
 Metaspace       used 28006K, capacity 29015K, committed 29312K, reserved 1075200K
  class space    used 3539K, capacity 3907K, committed 3968K, reserved 1048576K
}
Event: 10.364 GC heap before
{Heap before GC invocations=10 (full 0):
 garbage-first heap   total 54272K, used 41740K [0x0000000081c00000, 0x0000000100000000)
  region size 1024K, 29 young (29696K), 3 survivors (3072K)
 Metaspace       used 33896K, capacity 34962K, committed 35200K, reserved 1079296K
  class space    used 4243K, capacity 4674K, committed 4736K, reserved 1048576K
}
Event: 10.370 GC heap after
{Heap after GC invocations=11 (full 0):
 garbage-first heap   total 54272K, used 16849K [0x0000000081c00000, 0x0000000100000000)
  region size 1024K, 3 young (3072K), 3 survivors (3072K)
 Metaspace       used 33896K, capacity 34962K, committed 35200K, reserved 1079296K
  class space    used 4243K, capacity 4674K, committed 4736K, reserved 1048576K
}
Event: 10.433 GC heap before
{Heap before GC invocations=11 (full 0):
 garbage-first heap   total 54272K, used 17873K [0x0000000081c00000, 0x0000000100000000)
  region size 1024K, 5 young (5120K), 3 survivors (3072K)
 Metaspace       used 34389K, capacity 35459K, committed 35628K, reserved 1081344K
  class space    used 4278K, capacity 4711K, committed 4736K, reserved 1048576K
}
Event: 10.437 GC heap after
{Heap after GC invocations=12 (full 0):
 garbage-first heap   total 54272K, used 17102K [0x0000000081c00000, 0x0000000100000000)
  region size 1024K, 2 young (2048K), 2 survivors (2048K)
 Metaspace       used 34389K, capacity 35459K, committed 35628K, reserved 1081344K
  class space    used 4278K, capacity 4711K, committed 4736K, reserved 1048576K
}
Event: 11.838 GC heap before
{Heap before GC invocations=13 (full 0):
 garbage-first heap   total 54272K, used 40654K [0x0000000081c00000, 0x0000000100000000)
  region size 1024K, 26 young (26624K), 2 survivors (2048K)
 Metaspace       used 38316K, capacity 39406K, committed 39552K, reserved 1083392K
  class space    used 4783K, capacity 5238K, committed 5248K, reserved 1048576K
}
Event: 11.841 GC heap after
{Heap after GC invocations=14 (full 0):
 garbage-first heap   total 54272K, used 18020K [0x0000000081c00000, 0x0000000100000000)
  region size 1024K, 3 young (3072K), 3 survivors (3072K)
 Metaspace       used 38316K, capacity 39406K, committed 39552K, reserved 1083392K
  class space    used 4783K, capacity 5238K, committed 5248K, reserved 1048576K
}

Deoptimization events (20 events):
Event: 10.691 Thread 0x0000018b0d770800 Uncommon trap: trap_request=0xffffff45 fr.pc=0x0000018b1f5d7e98 relative=0x0000000000000a18
Event: 10.691 Thread 0x0000018b0d770800 Uncommon trap: reason=unstable_if action=reinterpret pc=0x0000018b1f5d7e98 method=jdk.internal.org.objectweb.asm.SymbolTable.addType(Ljava/lang/String;)I @ 33 c2
Event: 10.691 Thread 0x0000018b0d770800 DEOPT PACKING pc=0x0000018b1f5d7e98 sp=0x0000004efe1fcad0
Event: 10.691 Thread 0x0000018b0d770800 DEOPT UNPACKING pc=0x0000018b179e912f sp=0x0000004efe1fca88 mode 2
Event: 10.692 Thread 0x0000018b0d770800 Uncommon trap: trap_request=0xffffff45 fr.pc=0x0000018b1f4e5b8c relative=0x000000000000114c
Event: 10.692 Thread 0x0000018b0d770800 Uncommon trap: reason=unstable_if action=reinterpret pc=0x0000018b1f4e5b8c method=jdk.internal.org.objectweb.asm.SymbolTable.put(Ljdk/internal/org/objectweb/asm/SymbolTable$Entry;)Ljdk/internal/org/objectweb/asm/SymbolTable$Entry; @ 13 c2
Event: 10.692 Thread 0x0000018b0d770800 DEOPT PACKING pc=0x0000018b1f4e5b8c sp=0x0000004efe1fca10
Event: 10.692 Thread 0x0000018b0d770800 DEOPT UNPACKING pc=0x0000018b179e912f sp=0x0000004efe1fc968 mode 2
Event: 11.321 Thread 0x0000018b0d770800 Uncommon trap: trap_request=0xffffff45 fr.pc=0x0000018b1f6665cc relative=0x0000000000001b4c
Event: 11.321 Thread 0x0000018b0d770800 Uncommon trap: reason=unstable_if action=reinterpret pc=0x0000018b1f6665cc method=java.net.URL.<init>(Ljava/net/URL;Ljava/lang/String;Ljava/net/URLStreamHandler;)V @ 57 c2
Event: 11.323 Thread 0x0000018b0d770800 DEOPT PACKING pc=0x0000018b1f6665cc sp=0x0000004efe1fdfc0
Event: 11.323 Thread 0x0000018b0d770800 DEOPT UNPACKING pc=0x0000018b179e912f sp=0x0000004efe1fdf80 mode 2
Event: 11.323 Thread 0x0000018b0d770800 Uncommon trap: trap_request=0xffffff45 fr.pc=0x0000018b1f6723f4 relative=0x0000000000003a14
Event: 11.323 Thread 0x0000018b0d770800 Uncommon trap: reason=unstable_if action=reinterpret pc=0x0000018b1f6723f4 method=java.net.URLStreamHandler.parseURL(Ljava/net/URL;Ljava/lang/String;II)V @ 57 c2
Event: 11.323 Thread 0x0000018b0d770800 DEOPT PACKING pc=0x0000018b1f6723f4 sp=0x0000004efe1fde20
Event: 11.323 Thread 0x0000018b0d770800 DEOPT UNPACKING pc=0x0000018b179e912f sp=0x0000004efe1fddf0 mode 2
Event: 11.813 Thread 0x0000018b0d770800 Uncommon trap: trap_request=0xffffff45 fr.pc=0x0000018b1f6baf94 relative=0x0000000000000154
Event: 11.813 Thread 0x0000018b0d770800 Uncommon trap: reason=unstable_if action=reinterpret pc=0x0000018b1f6baf94 method=java.lang.ClassLoader.getClassLoadingLock(Ljava/lang/String;)Ljava/lang/Object; @ 6 c2
Event: 11.813 Thread 0x0000018b0d770800 DEOPT PACKING pc=0x0000018b1f6baf94 sp=0x0000004efe1f9650
Event: 11.813 Thread 0x0000018b0d770800 DEOPT UNPACKING pc=0x0000018b179e912f sp=0x0000004efe1f95f0 mode 2

Classes unloaded (0 events):
No events

Classes redefined (0 events):
No events

Internal exceptions (20 events):
Event: 6.880 Thread 0x0000018b0d770800 Exception <a 'java/lang/NoSuchMethodError'{0x0000000084564850}: 'java.lang.Object java.lang.invoke.DirectMethodHandle$Holder.invokeStaticInit(java.lang.Object, java.lang.Object, int, int, int, int)'> (0x0000000084564850) 
thrown [./src/hotspot/share/interpreter/linkResolver.cpp, line 766]
Event: 7.820 Thread 0x0000018b0d770800 Exception <a 'java/io/FileNotFoundException'{0x00000000840fe8a0}> (0x00000000840fe8a0) 
thrown [./src/hotspot/share/prims/jni.cpp, line 599]
Event: 7.820 Thread 0x0000018b0d770800 Exception <a 'java/io/FileNotFoundException'{0x0000000083f00068}> (0x0000000083f00068) 
thrown [./src/hotspot/share/prims/jni.cpp, line 599]
Event: 7.903 Thread 0x0000018b0d770800 Exception <a 'java/lang/NoSuchMethodError'{0x0000000083c0ddd0}: 'int java.lang.invoke.DirectMethodHandle$Holder.invokeInterface(java.lang.Object, java.lang.Object, java.lang.Object, java.lang.Object)'> (0x0000000083c0ddd0) 
thrown [./src/hotspot/share/interpreter/linkResolver.cpp, line 766]
Event: 8.074 Thread 0x0000018b0d770800 Exception <a 'java/lang/NoSuchMethodError'{0x00000000838a7b98}: 'long java.lang.invoke.DirectMethodHandle$Holder.invokeVirtual(java.lang.Object, java.lang.Object)'> (0x00000000838a7b98) 
thrown [./src/hotspot/share/interpreter/linkResolver.cpp, line 766]
Event: 8.092 Thread 0x0000018b0d770800 Exception <a 'java/io/FileNotFoundException'{0x0000000083511920}> (0x0000000083511920) 
thrown [./src/hotspot/share/prims/jni.cpp, line 599]
Event: 8.197 Thread 0x0000018b0d770800 Implicit null exception at 0x0000018b1f6875a1 to 0x0000018b1f687d34
Event: 8.437 Thread 0x0000018b0d770800 Exception <a 'java/lang/NoSuchMethodError'{0x0000000085114698}: 'java.lang.Object java.lang.invoke.DirectMethodHandle$Holder.invokeVirtual(java.lang.Object, java.lang.Object, int)'> (0x0000000085114698) 
thrown [./src/hotspot/share/interpreter/linkResolver.cpp, line 766]
Event: 8.455 Thread 0x0000018b0d770800 Exception <a 'java/lang/NoSuchMethodError'{0x00000000851864d8}: 'int java.lang.invoke.DirectMethodHandle$Holder.invokeSpecialIFC(java.lang.Object, java.lang.Object, java.lang.Object)'> (0x00000000851864d8) 
thrown [./src/hotspot/share/interpreter/linkResolver.cpp, line 766]
Event: 9.862 Thread 0x0000018b0d770800 Exception <a 'java/lang/NoSuchMethodError'{0x00000000841991c8}: 'void java.lang.invoke.DirectMethodHandle$Holder.invokeStaticInit(java.lang.Object, java.lang.Object, java.lang.Object, java.lang.Object, java.lang.Object)'> (0x00000000841991c8) 
thrown [./src/hotspot/share/interpreter/linkResolver.cpp, line 766]
Event: 9.984 Thread 0x0000018b0d770800 Exception <a 'java/lang/NoSuchMethodError'{0x0000000083e96348}: 'java.lang.Object java.lang.invoke.DirectMethodHandle$Holder.newInvokeSpecial(java.lang.Object, java.lang.Object, java.lang.Object)'> (0x0000000083e96348) 
thrown [./src/hotspot/share/interpreter/linkResolver.cpp, line 766]
Event: 10.322 Thread 0x0000018b0d770800 Exception <a 'java/lang/NoSuchMethodError'{0x00000000837355e0}: 'java.lang.Object java.lang.invoke.DirectMethodHandle$Holder.invokeSpecial(java.lang.Object, java.lang.Object, java.lang.Object, java.lang.Object, java.lang.Object, int, java.lang.Object)'> (0x00000000837355e0) 
thrown [./src/hotspot/share/interpreter/linkResolver.cpp, line 766]
Event: 10.427 Thread 0x0000018b0d770800 Implicit null exception at 0x0000018b1f4d07a4 to 0x0000018b1f4d110c
Event: 10.542 Thread 0x0000018b0d770800 Exception <a 'java/lang/NoSuchMethodError'{0x0000000085668928}: 'java.lang.Object java.lang.invoke.Invokers$Holder.linkToTargetMethod(java.lang.Object, int, java.lang.Object)'> (0x0000000085668928) 
thrown [./src/hotspot/share/interpreter/linkResolver.cpp, line 766]
Event: 10.633 Thread 0x0000018b0d770800 Exception <a 'java/lang/NoSuchMethodError'{0x0000000085379ab8}: 'java.lang.Object java.lang.invoke.DirectMethodHandle$Holder.invokeSpecial(java.lang.Object, java.lang.Object, java.lang.Object, java.lang.Object, int)'> (0x0000000085379ab8) 
thrown [./src/hotspot/share/interpreter/linkResolver.cpp, line 766]
Event: 10.634 Thread 0x0000018b0d770800 Exception <a 'java/lang/NoSuchMethodError'{0x0000000085380568}: 'java.lang.Object java.lang.invoke.DirectMethodHandle$Holder.invokeSpecial(java.lang.Object, java.lang.Object, java.lang.Object, java.lang.Object, java.lang.Object, int)'> (0x0000000085380568) 
thrown [./src/hotspot/share/interpreter/linkResolver.cpp, line 766]
Event: 10.635 Thread 0x0000018b0d770800 Exception <a 'java/lang/NoSuchMethodError'{0x0000000085383550}: 'java.lang.Object java.lang.invoke.Invokers$Holder.linkToTargetMethod(java.lang.Object, java.lang.Object, java.lang.Object, int, java.lang.Object)'> (0x0000000085383550) 
thrown [./src/hotspot/share/interpreter/linkResolver.cpp, line 766]
Event: 10.689 Thread 0x0000018b0d770800 Exception <a 'java/lang/NoSuchMethodError'{0x00000000852240c0}: 'java.lang.Object java.lang.invoke.DirectMethodHandle$Holder.invokeStaticInit(java.lang.Object, java.lang.Object, java.lang.Object, java.lang.Object)'> (0x00000000852240c0) 
thrown [./src/hotspot/share/interpreter/linkResolver.cpp, line 766]
Event: 11.278 Thread 0x0000018b0d770800 Exception <a 'java/lang/NoSuchMethodError'{0x000000008438d560}: 'int java.lang.invoke.DirectMethodHandle$Holder.invokeVirtual(java.lang.Object, java.lang.Object, java.lang.Object)'> (0x000000008438d560) 
thrown [./src/hotspot/share/interpreter/linkResolver.cpp, line 766]
Event: 11.813 Thread 0x0000018b0d770800 Implicit null exception at 0x0000018b1f6bae88 to 0x0000018b1f6baf74

Events (20 events):
Event: 10.827 loading class jdk/internal/vm/annotation/Hidden
Event: 10.827 loading class jdk/internal/vm/annotation/Hidden done
Event: 11.043 loading class java/util/ServiceConfigurationError
Event: 11.043 loading class java/util/ServiceConfigurationError done
Event: 11.142 loading class java/util/regex/Pattern$1
Event: 11.142 loading class java/util/regex/Pattern$1 done
Event: 11.210 loading class javax/naming/Referenceable
Event: 11.210 loading class javax/naming/Referenceable done
Event: 11.310 loading class java/lang/instrument/ClassFileTransformer
Event: 11.310 loading class java/lang/instrument/ClassFileTransformer done
Event: 11.387 loading class java/util/IllegalFormatException
Event: 11.387 loading class java/util/IllegalFormatException done
Event: 11.591 Executing VM operation: HandshakeAllThreads
Event: 11.591 Executing VM operation: HandshakeAllThreads done
Event: 11.691 loading class java/lang/Process
Event: 11.691 loading class java/lang/Process done
Event: 11.730 loading class java/lang/reflect/GenericSignatureFormatError
Event: 11.730 loading class java/lang/reflect/GenericSignatureFormatError done
Event: 11.838 Executing VM operation: G1CollectForAllocation
Event: 11.841 Executing VM operation: G1CollectForAllocation done


Dynamic libraries:
0x00007ff6c67e0000 - 0x00007ff6c67ed000 	C:\Users\tatil\.gradle\jdks\jdk-14.0.2+12\bin\java.exe
0x00007fffaf430000 - 0x00007fffaf628000 	C:\WINDOWS\SYSTEM32\ntdll.dll
0x00007fffae000000 - 0x00007fffae0bf000 	C:\WINDOWS\System32\KERNEL32.DLL
0x00007fffacff0000 - 0x00007fffad2c2000 	C:\WINDOWS\System32\KERNELBASE.dll
0x00007fffacb30000 - 0x00007fffacc30000 	C:\WINDOWS\System32\ucrtbase.dll
0x00007fff970e0000 - 0x00007fff970f5000 	C:\Users\tatil\.gradle\jdks\jdk-14.0.2+12\bin\VCRUNTIME140.dll
0x00007fff97030000 - 0x00007fff97048000 	C:\Users\tatil\.gradle\jdks\jdk-14.0.2+12\bin\jli.dll
0x00007fffaf250000 - 0x00007fffaf3ed000 	C:\WINDOWS\System32\USER32.dll
0x00007fffacd30000 - 0x00007fffacd52000 	C:\WINDOWS\System32\win32u.dll
0x00007fffae200000 - 0x00007fffae22b000 	C:\WINDOWS\System32\GDI32.dll
0x00007fff9a530000 - 0x00007fff9a7ca000 	C:\WINDOWS\WinSxS\amd64_microsoft.windows.common-controls_6595b64144ccf1df_6.0.19041.1110_none_60b5254171f9507e\COMCTL32.dll
0x00007fffad300000 - 0x00007fffad40f000 	C:\WINDOWS\System32\gdi32full.dll
0x00007fffad5c0000 - 0x00007fffad65e000 	C:\WINDOWS\System32\msvcrt.dll
0x00007fffacf50000 - 0x00007fffacfed000 	C:\WINDOWS\System32\msvcp_win.dll
0x00007fffae370000 - 0x00007fffae3a2000 	C:\WINDOWS\System32\IMM32.DLL
0x00007fff86f30000 - 0x00007fff86fcb000 	C:\Users\tatil\.gradle\jdks\jdk-14.0.2+12\bin\msvcp140.dll
0x00007fff493a0000 - 0x00007fff49f34000 	C:\Users\tatil\.gradle\jdks\jdk-14.0.2+12\bin\server\jvm.dll
0x00007fffae890000 - 0x00007fffae93e000 	C:\WINDOWS\System32\ADVAPI32.dll
0x00007fffae5c0000 - 0x00007fffae65c000 	C:\WINDOWS\System32\sechost.dll
0x00007fffae230000 - 0x00007fffae355000 	C:\WINDOWS\System32\RPCRT4.dll
0x00007fffae410000 - 0x00007fffae418000 	C:\WINDOWS\System32\PSAPI.DLL
0x00007fffab220000 - 0x00007fffab229000 	C:\WINDOWS\SYSTEM32\WSOCK32.dll
0x00007fff82a10000 - 0x00007fff82a37000 	C:\WINDOWS\SYSTEM32\WINMM.dll
0x00007fffae4f0000 - 0x00007fffae55b000 	C:\WINDOWS\System32\WS2_32.dll
0x00007fffa5990000 - 0x00007fffa599a000 	C:\WINDOWS\SYSTEM32\VERSION.dll
0x00007fffab390000 - 0x00007fffab3a2000 	C:\WINDOWS\SYSTEM32\kernel.appcore.dll
0x00007fffa5460000 - 0x00007fffa546a000 	C:\Users\tatil\.gradle\jdks\jdk-14.0.2+12\bin\jimage.dll
0x00007fffaa860000 - 0x00007fffaaa44000 	C:\WINDOWS\SYSTEM32\DBGHELP.DLL
0x00007fffa52c0000 - 0x00007fffa52ec000 	C:\WINDOWS\SYSTEM32\dbgcore.DLL
0x00007fffacd60000 - 0x00007fffacde2000 	C:\WINDOWS\System32\bcryptPrimitives.dll
0x00007fff8bbf0000 - 0x00007fff8bc15000 	C:\Users\tatil\.gradle\jdks\jdk-14.0.2+12\bin\java.dll
0x00007fff941a0000 - 0x00007fff941b6000 	C:\Users\tatil\.gradle\jdks\jdk-14.0.2+12\bin\zip.dll
0x00007fffad780000 - 0x00007fffadec3000 	C:\WINDOWS\System32\SHELL32.dll
0x00007fffaaa50000 - 0x00007fffab1e2000 	C:\WINDOWS\SYSTEM32\windows.storage.dll
0x00007fffae950000 - 0x00007fffaeca4000 	C:\WINDOWS\System32\combase.dll
0x00007fffac3d0000 - 0x00007fffac400000 	C:\WINDOWS\SYSTEM32\Wldp.dll
0x00007fffae150000 - 0x00007fffae1fd000 	C:\WINDOWS\System32\SHCORE.dll
0x00007fffae810000 - 0x00007fffae865000 	C:\WINDOWS\System32\shlwapi.dll
0x00007fffaca70000 - 0x00007fffaca8f000 	C:\WINDOWS\SYSTEM32\profapi.dll
0x00007fff8b700000 - 0x00007fff8b719000 	C:\Users\tatil\.gradle\jdks\jdk-14.0.2+12\bin\net.dll
0x00007fffa3880000 - 0x00007fffa398c000 	C:\WINDOWS\SYSTEM32\WINHTTP.dll
0x00007fffac1b0000 - 0x00007fffac21a000 	C:\WINDOWS\system32\mswsock.dll
0x00007fff8b5d0000 - 0x00007fff8b5e2000 	C:\Users\tatil\.gradle\jdks\jdk-14.0.2+12\bin\nio.dll
0x00007fffa3f40000 - 0x00007fffa3f50000 	C:\Users\tatil\.gradle\jdks\jdk-14.0.2+12\bin\verify.dll
0x00007fffa3f10000 - 0x00007fffa3f19000 	C:\Users\tatil\.gradle\jdks\jdk-14.0.2+12\bin\management.dll
0x00007fffa3cc0000 - 0x00007fffa3ccb000 	C:\Users\tatil\.gradle\jdks\jdk-14.0.2+12\bin\management_ext.dll
0x00007fff88960000 - 0x00007fff88977000 	C:\WINDOWS\system32\napinsp.dll
0x00007fff88940000 - 0x00007fff8895b000 	C:\WINDOWS\system32\pnrpnsp.dll
0x00007fffa6ee0000 - 0x00007fffa6ef5000 	C:\WINDOWS\system32\wshbth.dll
0x00007fffa5a60000 - 0x00007fffa5a7d000 	C:\WINDOWS\system32\NLAapi.dll
0x00007fffabec0000 - 0x00007fffabefb000 	C:\WINDOWS\SYSTEM32\IPHLPAPI.DLL
0x00007fffabf00000 - 0x00007fffabfca000 	C:\WINDOWS\SYSTEM32\DNSAPI.dll
0x00007fffae360000 - 0x00007fffae368000 	C:\WINDOWS\System32\NSI.dll
0x00007fff88920000 - 0x00007fff88932000 	C:\WINDOWS\System32\winrnr.dll
0x00007fffa17f0000 - 0x00007fffa17fa000 	C:\Windows\System32\rasadhlp.dll
0x00007fffa19c0000 - 0x00007fffa1a40000 	C:\WINDOWS\System32\fwpuclnt.dll
0x00007fffad2d0000 - 0x00007fffad2f7000 	C:\WINDOWS\System32\bcrypt.dll
0x00007fffac480000 - 0x00007fffac498000 	C:\WINDOWS\SYSTEM32\CRYPTSP.dll
0x00007fffabaf0000 - 0x00007fffabb24000 	C:\WINDOWS\system32\rsaenh.dll
0x00007fffac9a0000 - 0x00007fffac9ce000 	C:\WINDOWS\SYSTEM32\USERENV.dll
0x00007fffac340000 - 0x00007fffac34c000 	C:\WINDOWS\SYSTEM32\CRYPTBASE.dll
0x00007fffa5a40000 - 0x00007fffa5a57000 	C:\WINDOWS\SYSTEM32\dhcpcsvc6.DLL
0x00007fffa59c0000 - 0x00007fffa59dd000 	C:\WINDOWS\SYSTEM32\dhcpcsvc.DLL
0x00007fffa6f50000 - 0x00007fffa6f5e000 	C:\Users\tatil\.gradle\jdks\jdk-14.0.2+12\bin\sunmscapi.dll
0x00007fffacdf0000 - 0x00007fffacf46000 	C:\WINDOWS\System32\CRYPT32.dll
0x00007fffac450000 - 0x00007fffac477000 	C:\WINDOWS\SYSTEM32\ncrypt.dll
0x00007fffac410000 - 0x00007fffac44b000 	C:\WINDOWS\SYSTEM32\NTASN1.dll
0x00007fffa2ee0000 - 0x00007fffa2f05000 	C:\Users\tatil\.gradle\jdks\jdk-14.0.2+12\bin\sunec.dll

dbghelp: loaded successfully - version: 4.0.5 - missing functions: none
symbol engine: initialized successfully - sym options: 0x614 - pdb path: .;C:\Users\tatil\.gradle\jdks\jdk-14.0.2+12\bin;C:\WINDOWS\SYSTEM32;C:\WINDOWS\WinSxS\amd64_microsoft.windows.common-controls_6595b64144ccf1df_6.0.19041.1110_none_60b5254171f9507e;C:\Users\tatil\.gradle\jdks\jdk-14.0.2+12\bin\server

VM Arguments:
jvm_args: -Dfile.encoding=UTF-8 -Duser.country=RU -Duser.language=ru -Duser.variant 
java_command: com.goit.feature.GoitJavaHwDev15Application
java_class_path (initial): C:\Users\tatil\Documents\Java\goit-java-hw-dev-15\build\classes\java\main;C:\Users\tatil\Documents\Java\goit-java-hw-dev-15\build\resources\main;C:\Users\tatil\.gradle\caches\modules-2\files-2.1\org.springframework.boot\spring-boot-starter-data-jpa\2.7.9-SNAPSHOT\820a9e4b0751e6fa806ce2c80bc34e0e6d96ef93\spring-boot-starter-data-jpa-2.7.9-SNAPSHOT.jar;C:\Users\tatil\.gradle\caches\modules-2\files-2.1\org.springframework.boot\spring-boot-starter-jdbc\2.7.9-SNAPSHOT\4d946f91165112f433b98f43d8b5e96058042c64\spring-boot-starter-jdbc-2.7.9-SNAPSHOT.jar;C:\Users\tatil\.gradle\caches\modules-2\files-2.1\org.springframework.boot\spring-boot-starter-security\2.7.9-SNAPSHOT\38aee1b038a689d6f8ed6bb214ee4b7e68ae917d\spring-boot-starter-security-2.7.9-SNAPSHOT.jar;C:\Users\tatil\.gradle\caches\modules-2\files-2.1\org.springframework.boot\spring-boot-starter-thymeleaf\2.7.9-SNAPSHOT\44e28cf81cdf008fb58feb9c1ff676e59720f878\spring-boot-starter-thymeleaf-2.7.9-SNAPSHOT.jar;C:\Users\tatil\.gradle\caches\modules-2\files-2.1\org.springframework.boot\spring-boot-starter-web\2.7.9-SNAPSHOT\15f2c3aed756b6ddf990e6fc2204bd6aab1bac2d\spring-boot-starter-web-2.7.9-SNAPSHOT.jar;C:\Users\tatil\.gradle\caches\modules-2\files-2.1\org.flywaydb\flyway-core\8.5.13\659e5942926c38af7347b3e9f1f7658b22aa78b7\flyway-core-8.5.13.jar;C:\Users\tatil\.gradle\caches\modules-2\files-2.1\org.thymeleaf.extras\thymeleaf-extras-springsecurity5\3.0.5.RELEASE\8ac42b63d03d7ccbfdcb4fc8c4322001e6081515\thymeleaf-extras-springsecurity5-3.0.5.RELEASE.jar;C:\Users\tatil\.gradle\caches\modules-2\files-2.1\com.h2database\h2\2.1.214\d5c2005c9e3279201e12d4776c948578b16bf8b2\h2-2.1.214.jar;C:\Users\tatil\.gradle\caches\modules-2\files-2.1\org.springframework.boot\spring-boot-starter-aop\2.7.9-SNAPSHOT\92d8e6febaf6007a764d598250f1edd53378d600\spring-boot-starter-aop-2.7.9-SNAPSHOT.jar;C:\Users\tatil\.gradle\caches\modules-2\files-2.1\jakarta.transaction\jakarta.transaction-api\1.3.3\c4179d48720a1e87
Launcher Type: SUN_STANDARD

[Global flags]
     intx CICompilerCount                          = 3                                         {product} {ergonomic}
     uint ConcGCThreads                            = 1                                         {product} {ergonomic}
     uint G1ConcRefinementThreads                  = 4                                         {product} {ergonomic}
   size_t G1HeapRegionSize                         = 1048576                                   {product} {ergonomic}
    uintx GCDrainStackTargetSize                   = 64                                        {product} {ergonomic}
   size_t InitialHeapSize                          = 134217728                                 {product} {ergonomic}
   size_t MarkStackSize                            = 4194304                                   {product} {ergonomic}
   size_t MaxHeapSize                              = 2118123520                                {product} {ergonomic}
   size_t MaxNewSize                               = 1270874112                                {product} {ergonomic}
   size_t MinHeapDeltaBytes                        = 1048576                                   {product} {ergonomic}
   size_t MinHeapSize                              = 8388608                                   {product} {ergonomic}
    uintx NonNMethodCodeHeapSize                   = 5832780                                {pd product} {ergonomic}
    uintx NonProfiledCodeHeapSize                  = 122912730                              {pd product} {ergonomic}
    uintx ProfiledCodeHeapSize                     = 122912730                              {pd product} {ergonomic}
    uintx ReservedCodeCacheSize                    = 251658240                              {pd product} {ergonomic}
     bool SegmentedCodeCache                       = true                                      {product} {ergonomic}
   size_t SoftMaxHeapSize                          = 2118123520                             {manageable} {ergonomic}
     bool UseCompressedClassPointers               = true                                 {lp64_product} {ergonomic}
     bool UseCompressedOops                        = true                                 {lp64_product} {ergonomic}
     bool UseG1GC                                  = true                                      {product} {ergonomic}
     bool UseLargePagesIndividualAllocation        = false                                  {pd product} {ergonomic}

Logging:
Log output configuration:
 #0: stdout all=warning uptime,level,tags
 #1: stderr all=off uptime,level,tags

Environment Variables:
JAVA_HOME=C:\Program Files\Java\jdk-18
PATH=C:\Program Files\Eclipse Adoptium\jdk-11.0.13.8-hotspot\bin;C:\Python39\Scripts\;C:\Python39\;C:\Program Files (x86)\Intel\iCLS Client\;C:\Program Files\Intel\iCLS Client\;C:\WINDOWS\system32;C:\WINDOWS;C:\WINDOWS\System32\Wbem;C:\WINDOWS\System32\WindowsPowerShell\v1.0\;C:\Program Files (x86)\Intel\Intel(R) Management Engine Components\DAL;C:\Program Files\Intel\Intel(R) Management Engine Components\DAL;C:\Program Files (x86)\Intel\Intel(R) Management Engine Components\IPT;C:\Program Files\Intel\Intel(R) Management Engine Components\IPT;C:\WINDOWS\System32\OpenSSH\;C:\Program Files\Intel\WiFi\bin\;C:\Program Files\Common Files\Intel\WirelessCommon\;C:\Program Files\Git\cmd;C:\ProgramData\chocolatey\bin;C:\Program Files\nodejs\;C:\Program Files\apache-maven-3.8.6\bin;;C:\Program Files\Docker\Docker\resources\bin;C:\Users\tatil\.windows-build-tools\python27\;C:\Users\tatil\AppData\Local\Programs\Python\Python37-32\Scripts\;C:\Users\tatil\AppData\Local\Programs\Python\Python37-32\;C:\Users\tatil\AppData\Local\Microsoft\WindowsApps;C:\Users\tatil\AppData\Roaming\Dashlane\5.3.2.14186\bin\Firefox_Extension\{442718d9-475e-452a-b3e1-fb1ee16b8e9f}\components;C:\Users\tatil\AppData\Roaming\Dashlane\5.3.2.14186\ucrt;C:\Users\tatil\AppData\Roaming\Dashlane\5.6.0.15520\bin\Firefox_Extension\{442718d9-475e-452a-b3e1-fb1ee16b8e9f}\components;C:\Users\tatil\AppData\Roaming\Dashlane\5.6.0.15520\ucrt;C:\Users\tatil\AppData\Local\Microsoft\WindowsApps;C:\Users\tatil\AppData\Local\Programs\Microsoft VS Code\bin;C:\Users\tatil\AppData\Local\GitHubDesktop\bin;C:\Users\tatil\AppData\Roaming\npm;C:\Program Files\Java\jdk-18\bin;
USERNAME=tatil
OS=Windows_NT
PROCESSOR_IDENTIFIER=Intel64 Family 6 Model 142 Stepping 9, GenuineIntel



---------------  S Y S T E M  ---------------

OS: Windows 10 , 64 bit Build 19041 (10.0.19041.2251)
OS uptime: 6 days 16:29 hours
HyperV virtualization detected

CPU:total 4 (initial active 4) (2 cores per cpu, 2 threads per core) family 6 model 142 stepping 9, cmov, cx8, fxsr, mmx, sse, sse2, sse3, ssse3, sse4.1, sse4.2, popcnt, avx, avx2, aes, clmul, erms, 3dnowpref, lzcnt, ht, tsc, tscinvbit, bmi1, bmi2, adx, fma

Memory: 4k page, system-wide physical 8077M (563M free)
TotalPageFile size 32653M (AvailPageFile size 3M)
current process WorkingSet (physical memory assigned to process): 191M, peak: 206M
current process commit charge ("private bytes"): 224M, peak: 258M

vm_info: OpenJDK 64-Bit Server VM (14.0.2+12) for windows-amd64 JRE (14.0.2+12), built on Jul 15 2020 11:30:16 by "" with MS VC++ 15.9 (VS2017)

END.
